[2024-06-06T16:10:22.284+0000] {local_task_job_runner.py:120} INFO - ::group::Pre task execution logs
[2024-06-06T16:10:22.298+0000] {taskinstance.py:2076} INFO - Dependencies all met for dep_context=non-requeueable deps ti=<TaskInstance: mongo_loader.load_clients manual__2024-06-06T16:10:21.423312+00:00 [queued]>
[2024-06-06T16:10:22.304+0000] {taskinstance.py:2076} INFO - Dependencies all met for dep_context=requeueable deps ti=<TaskInstance: mongo_loader.load_clients manual__2024-06-06T16:10:21.423312+00:00 [queued]>
[2024-06-06T16:10:22.305+0000] {taskinstance.py:2306} INFO - Starting attempt 1 of 1
[2024-06-06T16:10:22.313+0000] {taskinstance.py:2330} INFO - Executing <Task(PythonOperator): load_clients> on 2024-06-06 16:10:21.423312+00:00
[2024-06-06T16:10:22.316+0000] {warnings.py:110} WARNING - /home/***/.local/lib/python3.12/site-packages/***/task/task_runner/standard_task_runner.py:61: DeprecationWarning: This process (pid=226) is multi-threaded, use of fork() may lead to deadlocks in the child.
  pid = os.fork()

[2024-06-06T16:10:22.317+0000] {standard_task_runner.py:63} INFO - Started process 227 to run task
[2024-06-06T16:10:22.317+0000] {standard_task_runner.py:90} INFO - Running: ['***', 'tasks', 'run', 'mongo_loader', 'load_clients', 'manual__2024-06-06T16:10:21.423312+00:00', '--job-id', '24', '--raw', '--subdir', 'DAGS_FOLDER/load_mongo_dag.py', '--cfg-path', '/tmp/tmpdh8m9rgr']
[2024-06-06T16:10:22.318+0000] {standard_task_runner.py:91} INFO - Job 24: Subtask load_clients
[2024-06-06T16:10:22.347+0000] {task_command.py:426} INFO - Running <TaskInstance: mongo_loader.load_clients manual__2024-06-06T16:10:21.423312+00:00 [running]> on host 945bac6cf142
[2024-06-06T16:10:22.390+0000] {taskinstance.py:2648} INFO - Exporting env vars: AIRFLOW_CTX_DAG_OWNER='***' AIRFLOW_CTX_DAG_ID='mongo_loader' AIRFLOW_CTX_TASK_ID='load_clients' AIRFLOW_CTX_EXECUTION_DATE='2024-06-06T16:10:21.423312+00:00' AIRFLOW_CTX_TRY_NUMBER='1' AIRFLOW_CTX_DAG_RUN_ID='manual__2024-06-06T16:10:21.423312+00:00'
[2024-06-06T16:10:22.391+0000] {taskinstance.py:430} INFO - ::endgroup::
[2024-06-06T16:10:22.404+0000] {base.py:84} INFO - Using connection ID 'mongo-etl' for task execution.
[2024-06-06T16:10:22.416+0000] {python.py:237} INFO - Done. Returned value was: <pymongo.cursor.Cursor object at 0x7ffafb7b3530>
[2024-06-06T16:10:22.417+0000] {taskinstance.py:441} INFO - ::group::Post task execution logs
[2024-06-06T16:10:22.422+0000] {xcom.py:675} ERROR - Object of type Cursor is not JSON serializable. If you are using pickle instead of JSON for XCom, then you need to enable pickle support for XCom in your *** config or make sure to decorate your object with attr.
[2024-06-06T16:10:22.423+0000] {taskinstance.py:2905} ERROR - Task failed with exception
Traceback (most recent call last):
  File "/home/airflow/.local/lib/python3.12/site-packages/airflow/utils/json.py", line 91, in default
    return serialize(o)
           ^^^^^^^^^^^^
  File "/home/airflow/.local/lib/python3.12/site-packages/airflow/serialization/serde.py", line 189, in serialize
    raise TypeError(f"cannot serialize object of type {cls}")
TypeError: cannot serialize object of type <class 'pymongo.cursor.Cursor'>

During handling of the above exception, another exception occurred:

Traceback (most recent call last):
  File "/home/airflow/.local/lib/python3.12/site-packages/airflow/models/taskinstance.py", line 486, in _execute_task
    task_instance.xcom_push(key=XCOM_RETURN_KEY, value=xcom_value, session=session)
  File "/home/airflow/.local/lib/python3.12/site-packages/airflow/utils/session.py", line 76, in wrapper
    return func(*args, **kwargs)
           ^^^^^^^^^^^^^^^^^^^^^
  File "/home/airflow/.local/lib/python3.12/site-packages/airflow/models/taskinstance.py", line 3197, in xcom_push
    XCom.set(
  File "/home/airflow/.local/lib/python3.12/site-packages/airflow/utils/session.py", line 76, in wrapper
    return func(*args, **kwargs)
           ^^^^^^^^^^^^^^^^^^^^^
  File "/home/airflow/.local/lib/python3.12/site-packages/airflow/models/xcom.py", line 246, in set
    value = cls.serialize_value(
            ^^^^^^^^^^^^^^^^^^^^
  File "/home/airflow/.local/lib/python3.12/site-packages/airflow/models/xcom.py", line 673, in serialize_value
    return json.dumps(value, cls=XComEncoder).encode("UTF-8")
           ^^^^^^^^^^^^^^^^^^^^^^^^^^^^^^^^^^
  File "/usr/local/lib/python3.12/json/__init__.py", line 238, in dumps
    **kw).encode(obj)
          ^^^^^^^^^^^
  File "/home/airflow/.local/lib/python3.12/site-packages/airflow/utils/json.py", line 104, in encode
    return super().encode(o)
           ^^^^^^^^^^^^^^^^^
  File "/usr/local/lib/python3.12/json/encoder.py", line 200, in encode
    chunks = self.iterencode(o, _one_shot=True)
             ^^^^^^^^^^^^^^^^^^^^^^^^^^^^^^^^^^
  File "/usr/local/lib/python3.12/json/encoder.py", line 258, in iterencode
    return _iterencode(o, 0)
           ^^^^^^^^^^^^^^^^^
  File "/home/airflow/.local/lib/python3.12/site-packages/airflow/utils/json.py", line 93, in default
    return super().default(o)
           ^^^^^^^^^^^^^^^^^^
  File "/usr/local/lib/python3.12/json/encoder.py", line 180, in default
    raise TypeError(f'Object of type {o.__class__.__name__} '
TypeError: Object of type Cursor is not JSON serializable
[2024-06-06T16:10:22.429+0000] {taskinstance.py:1206} INFO - Marking task as FAILED. dag_id=mongo_loader, task_id=load_clients, run_id=manual__2024-06-06T16:10:21.423312+00:00, execution_date=20240606T161021, start_date=20240606T161022, end_date=20240606T161022
[2024-06-06T16:10:22.438+0000] {standard_task_runner.py:110} ERROR - Failed to execute job 24 for task load_clients (Object of type Cursor is not JSON serializable; 227)
[2024-06-06T16:10:22.457+0000] {local_task_job_runner.py:240} INFO - Task exited with return code 1
[2024-06-06T16:10:22.466+0000] {taskinstance.py:3498} INFO - 0 downstream tasks scheduled from follow-on schedule check
[2024-06-06T16:10:22.468+0000] {local_task_job_runner.py:222} INFO - ::endgroup::
